#
# There is insufficient memory for the Java Runtime Environment to continue.
# Native memory allocation (mmap) failed to map 91750400 bytes for committing reserved memory.
# Possible reasons:
#   The system is out of physical RAM or swap space
#   In 32 bit mode, the process size limit was hit
# Possible solutions:
#   Reduce memory load on the system
#   Increase physical memory or swap space
#   Check if swap backing store is full
#   Use 64 bit Java on a 64 bit OS
#   Decrease Java heap size (-Xmx/-Xms)
#   Decrease number of Java threads
#   Decrease Java thread stack sizes (-Xss)
#   Set larger code cache with -XX:ReservedCodeCacheSize=
# This output file may be truncated or incomplete.
#
#  Out of Memory Error (os_linux.cpp:2673), pid=6040, tid=140026699208448
#
# JRE version: Java(TM) SE Runtime Environment (8.0_45-b14) (build 1.8.0_45-b14)
# Java VM: Java HotSpot(TM) 64-Bit Server VM (25.45-b02 mixed mode linux-amd64 compressed oops)
# Failed to write core dump. Core dumps have been disabled. To enable core dumping, try "ulimit -c unlimited" before starting Java again
#

---------------  T H R E A D  ---------------

Current thread (0x00007f5aac080000):  VMThread [stack: 0x00007f5a819a5000,0x00007f5a81aa6000] [id=6055]

Stack: [0x00007f5a819a5000,0x00007f5a81aa6000],  sp=0x00007f5a81aa4360,  free space=1020k
Native frames: (J=compiled Java code, j=interpreted, Vv=VM code, C=native code)
V  [libjvm.so+0xaac99a]  VMError::report_and_die()+0x2ba
V  [libjvm.so+0x4f333b]  report_vm_out_of_memory(char const*, int, unsigned long, VMErrorType, char const*)+0x8b
V  [libjvm.so+0x90e7c3]  os::Linux::commit_memory_impl(char*, unsigned long, bool)+0x103
V  [libjvm.so+0x90ed19]  os::pd_commit_memory(char*, unsigned long, unsigned long, bool)+0x29
V  [libjvm.so+0x90867a]  os::commit_memory(char*, unsigned long, unsigned long, bool)+0x2a
V  [libjvm.so+0x97bac3]  PSVirtualSpace::expand_by(unsigned long)+0x53
V  [libjvm.so+0x96c320]  PSOldGen::expand(unsigned long)+0x170
V  [libjvm.so+0x96c52b]  PSOldGen::resize(unsigned long)+0x1cb
V  [libjvm.so+0x974241]  PSParallelCompact::invoke_no_policy(bool)+0x9d1
V  [libjvm.so+0x979bed]  PSScavenge::invoke()+0x1ad
V  [libjvm.so+0x932050]  ParallelScavengeHeap::failed_mem_allocate(unsigned long)+0x70
V  [libjvm.so+0xaae1d7]  VM_ParallelGCFailedAllocation::doit()+0x97
V  [libjvm.so+0xab59c5]  VM_Operation::evaluate()+0x55
V  [libjvm.so+0xab3d9a]  VMThread::evaluate_operation(VM_Operation*)+0xba
V  [libjvm.so+0xab411e]  VMThread::loop()+0x1ce
V  [libjvm.so+0xab4590]  VMThread::run()+0x70
V  [libjvm.so+0x910de8]  java_start(Thread*)+0x108

VM_Operation (0x00007f5a8016a510): ParallelGCFailedAllocation, mode: safepoint, requested by thread 0x00007f5aac172000


---------------  P R O C E S S  ---------------

Java Threads: ( => current thread )
  0x00007f5aac172000 JavaThread "chatMessager 1" [_thread_blocked, id=6127, stack(0x00007f5a8006b000,0x00007f5a8016c000)]
  0x00007f5aac174000 JavaThread "RMI Reaper" [_thread_blocked, id=6124, stack(0x00007f5a8026d000,0x00007f5a8036e000)]
  0x00007f5aac173800 JavaThread "RMI TCP Accept-0" daemon [_thread_in_native, id=6123, stack(0x00007f5a8036e000,0x00007f5a8046f000)]
  0x00007f5aac15c800 JavaThread "GC Daemon" daemon [_thread_blocked, id=6068, stack(0x00007f5a8046f000,0x00007f5a80570000)]
  0x00007f5aac169000 JavaThread "RMI RenewClean-[127.0.1.1:35638]" daemon [_thread_blocked, id=6067, stack(0x00007f5a80570000,0x00007f5a80671000)]
  0x00007f5aac16b800 JavaThread "RMI Scheduler(0)" daemon [_thread_blocked, id=6066, stack(0x00007f5a80671000,0x00007f5a80772000)]
  0x00007f5aac0ca000 JavaThread "Service Thread" daemon [_thread_blocked, id=6063, stack(0x00007f5a80abb000,0x00007f5a80bbc000)]
  0x00007f5aac0c5000 JavaThread "C1 CompilerThread3" daemon [_thread_blocked, id=6062, stack(0x00007f5a80bbc000,0x00007f5a80cbd000)]
  0x00007f5aac0c3000 JavaThread "C2 CompilerThread2" daemon [_thread_blocked, id=6061, stack(0x00007f5a80cbd000,0x00007f5a80dbe000)]
  0x00007f5aac0c1000 JavaThread "C2 CompilerThread1" daemon [_thread_blocked, id=6060, stack(0x00007f5a80dbe000,0x00007f5a80ebf000)]
  0x00007f5aac0be800 JavaThread "C2 CompilerThread0" daemon [_thread_blocked, id=6059, stack(0x00007f5a80ebf000,0x00007f5a80fc0000)]
  0x00007f5aac0bd000 JavaThread "Signal Dispatcher" daemon [_thread_blocked, id=6058, stack(0x00007f5a80fc0000,0x00007f5a810c1000)]
  0x00007f5aac087000 JavaThread "Finalizer" daemon [_thread_blocked, id=6057, stack(0x00007f5a817a3000,0x00007f5a818a4000)]
  0x00007f5aac085000 JavaThread "Reference Handler" daemon [_thread_blocked, id=6056, stack(0x00007f5a818a4000,0x00007f5a819a5000)]
  0x00007f5aac00a000 JavaThread "main" [_thread_in_native, id=6046, stack(0x00007f5ab3401000,0x00007f5ab3502000)]

Other Threads:
=>0x00007f5aac080000 VMThread [stack: 0x00007f5a819a5000,0x00007f5a81aa6000] [id=6055]
  0x00007f5aac0cd000 WatcherThread [stack: 0x00007f5a809ba000,0x00007f5a80abb000] [id=6064]

VM state:at safepoint (normal execution)

VM Mutex/Monitor currently owned by a thread:  ([mutex/lock_event])
[0x00007f5aac005b30] ExpandHeap_lock - owner thread: 0x00007f5aac080000
[0x00007f5aac0061b0] Threads_lock - owner thread: 0x00007f5aac080000
[0x00007f5aac0066b0] Heap_lock - owner thread: 0x00007f5aac172000

Heap:
 PSYoungGen      total 663552K, used 0K [0x00000000d6c00000, 0x0000000100000000, 0x0000000100000000)
  eden space 651264K, 0% used [0x00000000d6c00000,0x00000000d6c00000,0x00000000fe800000)
  from space 12288K, 0% used [0x00000000fe800000,0x00000000fe800000,0x00000000ff400000)
  to   space 11776K, 0% used [0x00000000ff480000,0x00000000ff480000,0x0000000100000000)
 ParOldGen       total 246272K, used 234934K [0x0000000084400000, 0x0000000093480000, 0x00000000d6c00000)
  object space 246272K, 95% used [0x0000000084400000,0x000000009296d978,0x0000000093480000)
 Metaspace       used 6889K, capacity 7106K, committed 7296K, reserved 1056768K
  class space    used 767K, capacity 839K, committed 896K, reserved 1048576K

Card table byte_map: [0x00007f5a9cc21000,0x00007f5a9d000000] byte_map_base: 0x00007f5a9c7ff000

Marking Bits: (ParMarkBitMap*) 0x00007f5ab28d9760
 Begin Bits: [0x00007f5a94220000, 0x00007f5a96110000)
 End Bits:   [0x00007f5a96110000, 0x00007f5a98000000)

Polling page: 0x00007f5ab3520000

CodeCache: size=245760Kb used=4947Kb max_used=4974Kb free=240812Kb
 bounds [0x00007f5a9d000000, 0x00007f5a9d4f0000, 0x00007f5aac000000]
 total_blobs=1277 nmethods=970 adapters=221
 compilation: enabled

Compilation events (10 events):
Event: 103.852 Thread 0x00007f5aac0c1000  976   !   4       java.io.ObjectStreamClass::readNonProxy (407 bytes)
Event: 103.855 Thread 0x00007f5aac0be800 nmethod 975 0x00007f5a9d4c5190 code [0x00007f5a9d4c53a0, 0x00007f5a9d4c6058]
Event: 103.933 Thread 0x00007f5aac0c1000 nmethod 976 0x00007f5a9d4c6d10 code [0x00007f5a9d4c7300, 0x00007f5a9d4c9868]
Event: 104.568 Thread 0x00007f5aac0c3000 nmethod 960 0x00007f5a9d4d4490 code [0x00007f5a9d4d4ee0, 0x00007f5a9d4db4f8]
Event: 105.259 Thread 0x00007f5aac0be800  977 % !   4       com.unioeste.sd.ChatClient$1::run @ 13 (163 bytes)
Event: 105.325 Thread 0x00007f5aac0be800 nmethod 977% 0x00007f5a9d4e4c90 code [0x00007f5a9d4e5020, 0x00007f5a9d4e74a0]
Event: 142.432 Thread 0x00007f5aac0c1000  979  s    4       java.io.BufferedOutputStream::flush (12 bytes)
Event: 142.440 Thread 0x00007f5aac0c3000  980       4       java.io.BufferedOutputStream::flushBuffer (29 bytes)
Event: 142.446 Thread 0x00007f5aac0c3000 nmethod 980 0x00007f5a9d495b50 code [0x00007f5a9d495ce0, 0x00007f5a9d4962d8]
Event: 142.447 Thread 0x00007f5aac0c1000 nmethod 979 0x00007f5a9d49c090 code [0x00007f5a9d49c240, 0x00007f5a9d49caf8]

GC Heap History (10 events):
Event: 210.729 GC heap after
Heap after GC invocations=204 (full 3):
 PSYoungGen      total 570880K, used 5696K [0x00000000d6c00000, 0x00000000fdb80000, 0x0000000100000000)
  eden space 560640K, 0% used [0x00000000d6c00000,0x00000000d6c00000,0x00000000f8f80000)
  from space 10240K, 55% used [0x00000000f8f80000,0x00000000f9510000,0x00000000f9980000)
  to   space 10240K, 0% used [0x00000000fd180000,0x00000000fd180000,0x00000000fdb80000)
 ParOldGen       total 228352K, used 199626K [0x0000000084400000, 0x0000000092300000, 0x00000000d6c00000)
  object space 228352K, 87% used [0x0000000084400000,0x00000000906f2b78,0x0000000092300000)
 Metaspace       used 6889K, capacity 7106K, committed 7296K, reserved 1056768K
  class space    used 767K, capacity 839K, committed 896K, reserved 1048576K
}
Event: 216.327 GC heap before
{Heap before GC invocations=205 (full 3):
 PSYoungGen      total 570880K, used 566336K [0x00000000d6c00000, 0x00000000fdb80000, 0x0000000100000000)
  eden space 560640K, 100% used [0x00000000d6c00000,0x00000000f8f80000,0x00000000f8f80000)
  from space 10240K, 55% used [0x00000000f8f80000,0x00000000f9510000,0x00000000f9980000)
  to   space 10240K, 0% used [0x00000000fd180000,0x00000000fd180000,0x00000000fdb80000)
 ParOldGen       total 228352K, used 199626K [0x0000000084400000, 0x0000000092300000, 0x00000000d6c00000)
  object space 228352K, 87% used [0x0000000084400000,0x00000000906f2b78,0x0000000092300000)
 Metaspace       used 6889K, capacity 7106K, committed 7296K, reserved 1056768K
  class space    used 767K, capacity 839K, committed 896K, reserved 1048576K
Event: 216.354 GC heap after
Heap after GC invocations=205 (full 3):
 PSYoungGen      total 623104K, used 5728K [0x00000000d6c00000, 0x00000000fd880000, 0x0000000100000000)
  eden space 615936K, 0% used [0x00000000d6c00000,0x00000000d6c00000,0x00000000fc580000)
  from space 7168K, 79% used [0x00000000fd180000,0x00000000fd718000,0x00000000fd880000)
  to   space 9728K, 0% used [0x00000000fc580000,0x00000000fc580000,0x00000000fcf00000)
 ParOldGen       total 228352K, used 205306K [0x0000000084400000, 0x0000000092300000, 0x00000000d6c00000)
  object space 228352K, 89% used [0x0000000084400000,0x0000000090c7eb78,0x0000000092300000)
 Metaspace       used 6889K, capacity 7106K, committed 7296K, reserved 1056768K
  class space    used 767K, capacity 839K, committed 896K, reserved 1048576K
}
Event: 222.381 GC heap before
{Heap before GC invocations=206 (full 3):
 PSYoungGen      total 623104K, used 621664K [0x00000000d6c00000, 0x00000000fd880000, 0x0000000100000000)
  eden space 615936K, 100% used [0x00000000d6c00000,0x00000000fc580000,0x00000000fc580000)
  from space 7168K, 79% used [0x00000000fd180000,0x00000000fd718000,0x00000000fd880000)
  to   space 9728K, 0% used [0x00000000fc580000,0x00000000fc580000,0x00000000fcf00000)
 ParOldGen       total 228352K, used 205306K [0x0000000084400000, 0x0000000092300000, 0x00000000d6c00000)
  object space 228352K, 89% used [0x0000000084400000,0x0000000090c7eb78,0x0000000092300000)
 Metaspace       used 6889K, capacity 7106K, committed 7296K, reserved 1056768K
  class space    used 767K, capacity 839K, committed 896K, reserved 1048576K
Event: 222.403 GC heap after
Heap after GC invocations=206 (full 3):
 PSYoungGen      total 625664K, used 6336K [0x00000000d6c00000, 0x0000000100000000, 0x0000000100000000)
  eden space 615936K, 0% used [0x00000000d6c00000,0x00000000d6c00000,0x00000000fc580000)
  from space 9728K, 65% used [0x00000000fc580000,0x00000000fcbb0000,0x00000000fcf00000)
  to   space 9728K, 0% used [0x00000000ff680000,0x00000000ff680000,0x0000000100000000)
 ParOldGen       total 228352K, used 211010K [0x0000000084400000, 0x0000000092300000, 0x00000000d6c00000)
  object space 228352K, 92% used [0x0000000084400000,0x0000000091210b78,0x0000000092300000)
 Metaspace       used 6889K, capacity 7106K, committed 7296K, reserved 1056768K
  class space    used 767K, capacity 839K, committed 896K, reserved 1048576K
}
Event: 228.749 GC heap before
{Heap before GC invocations=207 (full 3):
 PSYoungGen      total 625664K, used 622272K [0x00000000d6c00000, 0x0000000100000000, 0x0000000100000000)
  eden space 615936K, 100% used [0x00000000d6c00000,0x00000000fc580000,0x00000000fc580000)
  from space 9728K, 65% used [0x00000000fc580000,0x00000000fcbb0000,0x00000000fcf00000)
  to   space 9728K, 0% used [0x00000000ff680000,0x00000000ff680000,0x0000000100000000)
 ParOldGen       total 228352K, used 211010K [0x0000000084400000, 0x0000000092300000, 0x00000000d6c00000)
  object space 228352K, 92% used [0x0000000084400000,0x0000000091210b78,0x0000000092300000)
 Metaspace       used 6889K, capacity 7106K, committed 7296K, reserved 1056768K
  class space    used 767K, capacity 839K, committed 896K, reserved 1048576K
Event: 228.776 GC heap after
Heap after GC invocations=207 (full 3):
 PSYoungGen      total 660992K, used 9728K [0x00000000d6c00000, 0x0000000100000000, 0x0000000100000000)
  eden space 651264K, 0% used [0x00000000d6c00000,0x00000000d6c00000,0x00000000fe800000)
  from space 9728K, 100% used [0x00000000ff680000,0x0000000100000000,0x0000000100000000)
  to   space 12288K, 0% used [0x00000000fe800000,0x00000000fe800000,0x00000000ff400000)
 ParOldGen       total 228352K, used 213706K [0x0000000084400000, 0x0000000092300000, 0x00000000d6c00000)
  object space 228352K, 93% used [0x0000000084400000,0x00000000914b2b78,0x0000000092300000)
 Metaspace       used 6889K, capacity 7106K, committed 7296K, reserved 1056768K
  class space    used 767K, capacity 839K, committed 896K, reserved 1048576K
}
Event: 234.946 GC heap before
{Heap before GC invocations=208 (full 3):
 PSYoungGen      total 660992K, used 660992K [0x00000000d6c00000, 0x0000000100000000, 0x0000000100000000)
  eden space 651264K, 100% used [0x00000000d6c00000,0x00000000fe800000,0x00000000fe800000)
  from space 9728K, 100% used [0x00000000ff680000,0x0000000100000000,0x0000000100000000)
  to   space 12288K, 0% used [0x00000000fe800000,0x00000000fe800000,0x00000000ff400000)
 ParOldGen       total 228352K, used 213706K [0x0000000084400000, 0x0000000092300000, 0x00000000d6c00000)
  object space 228352K, 93% used [0x0000000084400000,0x00000000914b2b78,0x0000000092300000)
 Metaspace       used 6889K, capacity 7106K, committed 7296K, reserved 1056768K
  class space    used 767K, capacity 839K, committed 896K, reserved 1048576K
Event: 235.024 GC heap after
Heap after GC invocations=208 (full 3):
 PSYoungGen      total 663552K, used 6496K [0x00000000d6c00000, 0x0000000100000000, 0x0000000100000000)
  eden space 651264K, 0% used [0x00000000d6c00000,0x00000000d6c00000,0x00000000fe800000)
  from space 12288K, 52% used [0x00000000fe800000,0x00000000fee58000,0x00000000ff400000)
  to   space 11776K, 0% used [0x00000000ff480000,0x00000000ff480000,0x0000000100000000)
 ParOldGen       total 246272K, used 241270K [0x0000000084400000, 0x0000000093480000, 0x00000000d6c00000)
  object space 246272K, 97% used [0x0000000084400000,0x0000000092f9d8a0,0x0000000093480000)
 Metaspace       used 6889K, capacity 7106K, committed 7296K, reserved 1056768K
  class space    used 767K, capacity 839K, committed 896K, reserved 1048576K
}
Event: 235.024 GC heap before
{Heap before GC invocations=209 (full 4):
 PSYoungGen      total 663552K, used 6496K [0x00000000d6c00000, 0x0000000100000000, 0x0000000100000000)
  eden space 651264K, 0% used [0x00000000d6c00000,0x00000000d6c00000,0x00000000fe800000)
  from space 12288K, 52% used [0x00000000fe800000,0x00000000fee58000,0x00000000ff400000)
  to   space 11776K, 0% used [0x00000000ff480000,0x00000000ff480000,0x0000000100000000)
 ParOldGen       total 246272K, used 241270K [0x0000000084400000, 0x0000000093480000, 0x00000000d6c00000)
  object space 246272K, 97% used [0x0000000084400000,0x0000000092f9d8a0,0x0000000093480000)
 Metaspace       used 6889K, capacity 7106K, committed 7296K, reserved 1056768K
  class space    used 767K, capacity 839K, committed 896K, reserved 1048576K

Deoptimization events (10 events):
Event: 102.652 Thread 0x00007f5aac172000 Uncommon trap: reason=class_check action=maybe_recompile pc=0x00007f5a9d2d1b10 method=java.util.Arrays.copyOf([Ljava/lang/Object;ILjava/lang/Class;)[Ljava/lang/Object; @ 24
Event: 102.652 Thread 0x00007f5aac172000 Uncommon trap: reason=class_check action=maybe_recompile pc=0x00007f5a9d2d1b10 method=java.util.Arrays.copyOf([Ljava/lang/Object;ILjava/lang/Class;)[Ljava/lang/Object; @ 24
Event: 102.652 Thread 0x00007f5aac172000 Uncommon trap: reason=class_check action=maybe_recompile pc=0x00007f5a9d2d66bc method=java.io.BufferedOutputStream.flushBuffer()V @ 20
Event: 102.652 Thread 0x00007f5aac172000 Uncommon trap: reason=class_check action=maybe_recompile pc=0x00007f5a9d2d66bc method=java.io.BufferedOutputStream.flushBuffer()V @ 20
Event: 102.652 Thread 0x00007f5aac172000 Uncommon trap: reason=class_check action=maybe_recompile pc=0x00007f5a9d2d65f0 method=java.io.BufferedOutputStream.flush()V @ 8
Event: 103.146 Thread 0x00007f5a3000c000 Uncommon trap: reason=unstable_if action=reinterpret pc=0x00007f5a9d317a34 method=java.util.HashMap.isEmpty()Z @ 4
Event: 117.643 Thread 0x00007f5aac16b800 Uncommon trap: reason=unstable_if action=reinterpret pc=0x00007f5a9d359594 method=java.util.concurrent.ScheduledThreadPoolExecutor$ScheduledFutureTask.compareTo(Ljava/util/concurrent/Delayed;)I @ 32
Event: 142.431 Thread 0x00007f5aac172000 Uncommon trap: reason=class_check action=maybe_recompile pc=0x00007f5a9d2d66bc method=java.io.BufferedOutputStream.flushBuffer()V @ 20
Event: 142.431 Thread 0x00007f5aac172000 Uncommon trap: reason=class_check action=maybe_recompile pc=0x00007f5a9d2d66bc method=java.io.BufferedOutputStream.flushBuffer()V @ 20
Event: 157.431 Thread 0x00007f5aac16b800 Uncommon trap: reason=unstable_if action=reinterpret pc=0x00007f5a9d366a94 method=java.util.concurrent.ScheduledThreadPoolExecutor$ScheduledFutureTask.compareTo(Ljava/util/concurrent/Delayed;)I @ 32

Internal exceptions (10 events):
Event: 0.118 Thread 0x00007f5aac169000 Exception <a 'java/lang/InterruptedException'> (0x00000000d6fbc660) thrown at [/RE-WORK/workspace/8-2-build-linux-amd64/jdk8u45/3457/hotspot/src/share/vm/runtime/objectMonitor.cpp, line 1683]
Event: 22.180 Thread 0x00007f5a34001000 Exception <a 'java/lang/NoSuchFieldError': method resolution failed> (0x00000000d71c6d88) thrown at [/RE-WORK/workspace/8-2-build-linux-amd64/jdk8u45/3457/hotspot/src/share/vm/prims/methodHandles.cpp, line 1125]
Event: 22.182 Thread 0x00007f5a34001000 Exception <a 'java/lang/NoSuchFieldError': method resolution failed> (0x00000000d71d5478) thrown at [/RE-WORK/workspace/8-2-build-linux-amd64/jdk8u45/3457/hotspot/src/share/vm/prims/methodHandles.cpp, line 1125]
Event: 27.056 Thread 0x00007f5a34001000 Implicit null exception at 0x00007f5a9d34dcb3 to 0x00007f5a9d34dfa5
Event: 27.056 Thread 0x00007f5a34001000 Implicit null exception at 0x00007f5a9d35a5c5 to 0x00007f5a9d35b6c1
Event: 102.595 Thread 0x00007f5a34001000 Implicit null exception at 0x00007f5a9d39d175 to 0x00007f5a9d39d749
Event: 102.615 Thread 0x00007f5aac172000 Implicit null exception at 0x00007f5a9d2f5b45 to 0x00007f5a9d2f5bd4
Event: 102.642 Thread 0x00007f5aac172000 Implicit null exception at 0x00007f5a9d3614b8 to 0x00007f5a9d36222d
Event: 102.642 Thread 0x00007f5a3000c000 Exception <a 'java/lang/InterruptedException'> (0x00000000da21b280) thrown at [/RE-WORK/workspace/8-2-build-linux-amd64/jdk8u45/3457/hotspot/src/share/vm/runtime/objectMonitor.cpp, line 1683]
Event: 142.431 Thread 0x00007f5a3000f000 Exception <a 'java/lang/InterruptedException'> (0x00000000e3609cf8) thrown at [/RE-WORK/workspace/8-2-build-linux-amd64/jdk8u45/3457/hotspot/src/share/vm/runtime/objectMonitor.cpp, line 1683]

Events (10 events):
Event: 210.684 Executing VM operation: ParallelGCFailedAllocation
Event: 210.729 Executing VM operation: ParallelGCFailedAllocation done
Event: 216.327 Executing VM operation: ParallelGCFailedAllocation
Event: 216.354 Executing VM operation: ParallelGCFailedAllocation done
Event: 222.381 Executing VM operation: ParallelGCFailedAllocation
Event: 222.403 Executing VM operation: ParallelGCFailedAllocation done
Event: 228.749 Executing VM operation: ParallelGCFailedAllocation
Event: 228.776 Executing VM operation: ParallelGCFailedAllocation done
Event: 232.429 Thread 0x00007f5a34003000 Thread exited: 0x00007f5a34003000
Event: 234.946 Executing VM operation: ParallelGCFailedAllocation


Dynamic libraries:
00400000-00401000 r-xp 00000000 08:12 924444                             /usr/lib/jvm/java-8-oracle/bin/java
00600000-00601000 rw-p 00000000 08:12 924444                             /usr/lib/jvm/java-8-oracle/bin/java
00b4e000-00b6f000 rw-p 00000000 00:00 0                                  [heap]
84400000-93480000 rw-p 00000000 00:00 0 
98c00000-d6c00000 ---p 00000000 00:00 0 
d6c00000-100000000 rw-p 00000000 00:00 0 
100000000-1000e0000 rw-p 00000000 00:00 0 
1000e0000-140000000 ---p 00000000 00:00 0 
7f5a24000000-7f5a24021000 rw-p 00000000 00:00 0 
7f5a24021000-7f5a28000000 ---p 00000000 00:00 0 
7f5a28000000-7f5a28021000 rw-p 00000000 00:00 0 
7f5a28021000-7f5a2c000000 ---p 00000000 00:00 0 
7f5a2c000000-7f5a2c2ac000 rw-p 00000000 00:00 0 
7f5a2c2ac000-7f5a30000000 ---p 00000000 00:00 0 
7f5a30000000-7f5a3028f000 rw-p 00000000 00:00 0 
7f5a3028f000-7f5a34000000 ---p 00000000 00:00 0 
7f5a34000000-7f5a34021000 rw-p 00000000 00:00 0 
7f5a34021000-7f5a38000000 ---p 00000000 00:00 0 
7f5a38000000-7f5a38021000 rw-p 00000000 00:00 0 
7f5a38021000-7f5a3c000000 ---p 00000000 00:00 0 
7f5a3c000000-7f5a3c021000 rw-p 00000000 00:00 0 
7f5a3c021000-7f5a40000000 ---p 00000000 00:00 0 
7f5a40000000-7f5a40021000 rw-p 00000000 00:00 0 
7f5a40021000-7f5a44000000 ---p 00000000 00:00 0 
7f5a44000000-7f5a44021000 rw-p 00000000 00:00 0 
7f5a44021000-7f5a48000000 ---p 00000000 00:00 0 
7f5a48000000-7f5a48021000 rw-p 00000000 00:00 0 
7f5a48021000-7f5a4c000000 ---p 00000000 00:00 0 
7f5a4c000000-7f5a4c3d8000 rw-p 00000000 00:00 0 
7f5a4c3d8000-7f5a50000000 ---p 00000000 00:00 0 
7f5a50000000-7f5a50021000 rw-p 00000000 00:00 0 
7f5a50021000-7f5a54000000 ---p 00000000 00:00 0 
7f5a54000000-7f5a554fe000 rw-p 00000000 00:00 0 
7f5a554fe000-7f5a58000000 ---p 00000000 00:00 0 
7f5a58000000-7f5a598ff000 rw-p 00000000 00:00 0 
7f5a598ff000-7f5a5c000000 ---p 00000000 00:00 0 
7f5a5c000000-7f5a5c021000 rw-p 00000000 00:00 0 
7f5a5c021000-7f5a60000000 ---p 00000000 00:00 0 
7f5a60000000-7f5a61b9a000 rw-p 00000000 00:00 0 
7f5a61b9a000-7f5a64000000 ---p 00000000 00:00 0 
7f5a64000000-7f5a64021000 rw-p 00000000 00:00 0 
7f5a64021000-7f5a68000000 ---p 00000000 00:00 0 
7f5a68000000-7f5a68021000 rw-p 00000000 00:00 0 
7f5a68021000-7f5a6c000000 ---p 00000000 00:00 0 
7f5a6c000000-7f5a6c021000 rw-p 00000000 00:00 0 
7f5a6c021000-7f5a70000000 ---p 00000000 00:00 0 
7f5a70000000-7f5a7028a000 rw-p 00000000 00:00 0 
7f5a7028a000-7f5a74000000 ---p 00000000 00:00 0 
7f5a74000000-7f5a74021000 rw-p 00000000 00:00 0 
7f5a74021000-7f5a78000000 ---p 00000000 00:00 0 
7f5a7bdfe000-7f5a7be01000 ---p 00000000 00:00 0 
7f5a7be01000-7f5a7beff000 rw-p 00000000 00:00 0 
7f5a7beff000-7f5a7bf02000 ---p 00000000 00:00 0 
7f5a7bf02000-7f5a7c000000 rw-p 00000000 00:00 0 
7f5a7c000000-7f5a7c021000 rw-p 00000000 00:00 0 
7f5a7c021000-7f5a80000000 ---p 00000000 00:00 0 
7f5a8006b000-7f5a8006e000 ---p 00000000 00:00 0 
7f5a8006e000-7f5a8016c000 rw-p 00000000 00:00 0                          [stack:6127]
7f5a8016c000-7f5a8016f000 ---p 00000000 00:00 0 
7f5a8016f000-7f5a8026d000 rw-p 00000000 00:00 0 
7f5a8026d000-7f5a80270000 ---p 00000000 00:00 0 
7f5a80270000-7f5a8036e000 rw-p 00000000 00:00 0                          [stack:6124]
7f5a8036e000-7f5a80371000 ---p 00000000 00:00 0 
7f5a80371000-7f5a8046f000 rw-p 00000000 00:00 0                          [stack:6123]
7f5a8046f000-7f5a80472000 ---p 00000000 00:00 0 
7f5a80472000-7f5a80570000 rw-p 00000000 00:00 0                          [stack:6068]
7f5a80570000-7f5a80573000 ---p 00000000 00:00 0 
7f5a80573000-7f5a80671000 rw-p 00000000 00:00 0                          [stack:6067]
7f5a80671000-7f5a80674000 ---p 00000000 00:00 0 
7f5a80674000-7f5a807a3000 rw-p 00000000 00:00 0                          [stack:6066]
7f5a807a3000-7f5a807b9000 r-xp 00000000 08:12 1448503                    /usr/lib/jvm/java-8-oracle/jre/lib/amd64/libnet.so
7f5a807b9000-7f5a809b9000 ---p 00016000 08:12 1448503                    /usr/lib/jvm/java-8-oracle/jre/lib/amd64/libnet.so
7f5a809b9000-7f5a809ba000 rw-p 00016000 08:12 1448503                    /usr/lib/jvm/java-8-oracle/jre/lib/amd64/libnet.so
7f5a809ba000-7f5a809bb000 ---p 00000000 00:00 0 
7f5a809bb000-7f5a80abb000 rw-p 00000000 00:00 0                          [stack:6064]
7f5a80abb000-7f5a80abe000 ---p 00000000 00:00 0 
7f5a80abe000-7f5a80bbc000 rw-p 00000000 00:00 0                          [stack:6063]
7f5a80bbc000-7f5a80bbf000 ---p 00000000 00:00 0 
7f5a80bbf000-7f5a80cbd000 rw-p 00000000 00:00 0                          [stack:6062]
7f5a80cbd000-7f5a80cc0000 ---p 00000000 00:00 0 
7f5a80cc0000-7f5a80dbe000 rw-p 00000000 00:00 0                          [stack:6061]
7f5a80dbe000-7f5a80dc1000 ---p 00000000 00:00 0 
7f5a80dc1000-7f5a80ebf000 rw-p 00000000 00:00 0                          [stack:6060]
7f5a80ebf000-7f5a80ec2000 ---p 00000000 00:00 0 
7f5a80ec2000-7f5a80fc0000 rw-p 00000000 00:00 0                          [stack:6059]
7f5a80fc0000-7f5a80fc3000 ---p 00000000 00:00 0 
7f5a80fc3000-7f5a810c1000 rw-p 00000000 00:00 0                          [stack:6058]
7f5a810c1000-7f5a817a3000 r--p 00000000 08:12 662915                     /usr/lib/locale/locale-archive
7f5a817a3000-7f5a817a6000 ---p 00000000 00:00 0 
7f5a817a6000-7f5a818a4000 rw-p 00000000 00:00 0                          [stack:6057]
7f5a818a4000-7f5a818a7000 ---p 00000000 00:00 0 
7f5a818a7000-7f5a819a5000 rw-p 00000000 00:00 0                          [stack:6056]
7f5a819a5000-7f5a819a6000 ---p 00000000 00:00 0 
7f5a819a6000-7f5a83a62000 rw-p 00000000 00:00 0                          [stack:6055]
7f5a83a62000-7f5a83c22000 ---p 00000000 00:00 0 
7f5a83c22000-7f5a84000000 rw-p 00000000 00:00 0 
7f5a84000000-7f5a84021000 rw-p 00000000 00:00 0 
7f5a84021000-7f5a88000000 ---p 00000000 00:00 0 
7f5a88000000-7f5a88021000 rw-p 00000000 00:00 0 
7f5a88021000-7f5a8c000000 ---p 00000000 00:00 0 
7f5a8c000000-7f5a8c021000 rw-p 00000000 00:00 0 
7f5a8c021000-7f5a90000000 ---p 00000000 00:00 0 
7f5a90000000-7f5a90021000 rw-p 00000000 00:00 0 
7f5a90021000-7f5a94000000 ---p 00000000 00:00 0 
7f5a94002000-7f5a9401e000 r--s 00393000 08:12 1859608                    /usr/lib/jvm/java-8-oracle/jre/lib/ext/cldrdata.jar
7f5a9401e000-7f5a98000000 rw-p 00000000 00:00 0 
7f5a98000000-7f5a98031000 rw-p 00000000 00:00 0 
7f5a98031000-7f5a9c000000 ---p 00000000 00:00 0 
7f5a9c008000-7f5a9c0ad000 rw-p 00000000 00:00 0 
7f5a9c0ad000-7f5a9c286000 r--s 03d09000 08:12 1188807                    /usr/lib/jvm/java-8-oracle/jre/lib/rt.jar
7f5a9c286000-7f5a9c287000 ---p 00000000 00:00 0 
7f5a9c287000-7f5a9c387000 rw-p 00000000 00:00 0                          [stack:6054]
7f5a9c387000-7f5a9c388000 ---p 00000000 00:00 0 
7f5a9c388000-7f5a9c488000 rw-p 00000000 00:00 0                          [stack:6053]
7f5a9c488000-7f5a9c489000 ---p 00000000 00:00 0 
7f5a9c489000-7f5a9c589000 rw-p 00000000 00:00 0                          [stack:6052]
7f5a9c589000-7f5a9c58a000 ---p 00000000 00:00 0 
7f5a9c58a000-7f5a9c68a000 rw-p 00000000 00:00 0                          [stack:6051]
7f5a9c68a000-7f5a9c68b000 ---p 00000000 00:00 0 
7f5a9c68b000-7f5a9c78b000 rw-p 00000000 00:00 0                          [stack:6050]
7f5a9c78b000-7f5a9c78c000 ---p 00000000 00:00 0 
7f5a9c78c000-7f5a9c88c000 rw-p 00000000 00:00 0                          [stack:6049]
7f5a9c88c000-7f5a9c88d000 ---p 00000000 00:00 0 
7f5a9c88d000-7f5a9ca06000 rw-p 00000000 00:00 0                          [stack:6048]
7f5a9ca06000-7f5a9cc21000 ---p 00000000 00:00 0 
7f5a9cc21000-7f5a9cc9a000 rw-p 00000000 00:00 0 
7f5a9cc9a000-7f5a9ceb5000 ---p 00000000 00:00 0 
7f5a9ceb5000-7f5a9cfff000 rw-p 00000000 00:00 0 
7f5a9cfff000-7f5a9d000000 rw-p 00000000 00:00 0 
7f5a9d000000-7f5a9d4f0000 rwxp 00000000 00:00 0 
7f5a9d4f0000-7f5aac000000 ---p 00000000 00:00 0 
7f5aac000000-7f5aac178000 rw-p 00000000 00:00 0 
7f5aac178000-7f5ab0000000 ---p 00000000 00:00 0 
7f5ab0016000-7f5ab00db000 rw-p 00000000 00:00 0 
7f5ab00db000-7f5ab00dc000 ---p 00000000 00:00 0 
7f5ab00dc000-7f5ab01f0000 rw-p 00000000 00:00 0                          [stack:6047]
7f5ab01f0000-7f5ab059c000 ---p 00000000 00:00 0 
7f5ab059c000-7f5ab05b6000 r-xp 00000000 08:12 1448535                    /usr/lib/jvm/java-8-oracle/jre/lib/amd64/libzip.so
7f5ab05b6000-7f5ab07b6000 ---p 0001a000 08:12 1448535                    /usr/lib/jvm/java-8-oracle/jre/lib/amd64/libzip.so
7f5ab07b6000-7f5ab07b7000 rw-p 0001a000 08:12 1448535                    /usr/lib/jvm/java-8-oracle/jre/lib/amd64/libzip.so
7f5ab07b7000-7f5ab07c2000 r-xp 00000000 08:12 135009                     /lib/x86_64-linux-gnu/libnss_files-2.19.so
7f5ab07c2000-7f5ab09c1000 ---p 0000b000 08:12 135009                     /lib/x86_64-linux-gnu/libnss_files-2.19.so
7f5ab09c1000-7f5ab09c2000 r--p 0000a000 08:12 135009                     /lib/x86_64-linux-gnu/libnss_files-2.19.so
7f5ab09c2000-7f5ab09c3000 rw-p 0000b000 08:12 135009                     /lib/x86_64-linux-gnu/libnss_files-2.19.so
7f5ab09c3000-7f5ab09ce000 r-xp 00000000 08:12 135390                     /lib/x86_64-linux-gnu/libnss_nis-2.19.so
7f5ab09ce000-7f5ab0bcd000 ---p 0000b000 08:12 135390                     /lib/x86_64-linux-gnu/libnss_nis-2.19.so
7f5ab0bcd000-7f5ab0bce000 r--p 0000a000 08:12 135390                     /lib/x86_64-linux-gnu/libnss_nis-2.19.so
7f5ab0bce000-7f5ab0bcf000 rw-p 0000b000 08:12 135390                     /lib/x86_64-linux-gnu/libnss_nis-2.19.so
7f5ab0bcf000-7f5ab0be6000 r-xp 00000000 08:12 135379                     /lib/x86_64-linux-gnu/libnsl-2.19.so
7f5ab0be6000-7f5ab0de5000 ---p 00017000 08:12 135379                     /lib/x86_64-linux-gnu/libnsl-2.19.so
7f5ab0de5000-7f5ab0de6000 r--p 00016000 08:12 135379                     /lib/x86_64-linux-gnu/libnsl-2.19.so
7f5ab0de6000-7f5ab0de7000 rw-p 00017000 08:12 135379                     /lib/x86_64-linux-gnu/libnsl-2.19.so
7f5ab0de7000-7f5ab0de9000 rw-p 00000000 00:00 0 
7f5ab0de9000-7f5ab0df2000 r-xp 00000000 08:12 135378                     /lib/x86_64-linux-gnu/libnss_compat-2.19.so
7f5ab0df2000-7f5ab0ff1000 ---p 00009000 08:12 135378                     /lib/x86_64-linux-gnu/libnss_compat-2.19.so
7f5ab0ff1000-7f5ab0ff2000 r--p 00008000 08:12 135378                     /lib/x86_64-linux-gnu/libnss_compat-2.19.so
7f5ab0ff2000-7f5ab0ff3000 rw-p 00009000 08:12 135378                     /lib/x86_64-linux-gnu/libnss_compat-2.19.so
7f5ab0ff3000-7f5ab101d000 r-xp 00000000 08:12 1448500                    /usr/lib/jvm/java-8-oracle/jre/lib/amd64/libjava.so
7f5ab101d000-7f5ab121d000 ---p 0002a000 08:12 1448500                    /usr/lib/jvm/java-8-oracle/jre/lib/amd64/libjava.so
7f5ab121d000-7f5ab121f000 rw-p 0002a000 08:12 1448500                    /usr/lib/jvm/java-8-oracle/jre/lib/amd64/libjava.so
7f5ab121f000-7f5ab122c000 r-xp 00000000 08:12 1448512                    /usr/lib/jvm/java-8-oracle/jre/lib/amd64/libverify.so
7f5ab122c000-7f5ab142c000 ---p 0000d000 08:12 1448512                    /usr/lib/jvm/java-8-oracle/jre/lib/amd64/libverify.so
7f5ab142c000-7f5ab142e000 rw-p 0000d000 08:12 1448512                    /usr/lib/jvm/java-8-oracle/jre/lib/amd64/libverify.so
7f5ab142e000-7f5ab1435000 r-xp 00000000 08:12 135387                     /lib/x86_64-linux-gnu/librt-2.19.so
7f5ab1435000-7f5ab1634000 ---p 00007000 08:12 135387                     /lib/x86_64-linux-gnu/librt-2.19.so
7f5ab1634000-7f5ab1635000 r--p 00006000 08:12 135387                     /lib/x86_64-linux-gnu/librt-2.19.so
7f5ab1635000-7f5ab1636000 rw-p 00007000 08:12 135387                     /lib/x86_64-linux-gnu/librt-2.19.so
7f5ab1636000-7f5ab173b000 r-xp 00000000 08:12 132057                     /lib/x86_64-linux-gnu/libm-2.19.so
7f5ab173b000-7f5ab193a000 ---p 00105000 08:12 132057                     /lib/x86_64-linux-gnu/libm-2.19.so
7f5ab193a000-7f5ab193b000 r--p 00104000 08:12 132057                     /lib/x86_64-linux-gnu/libm-2.19.so
7f5ab193b000-7f5ab193c000 rw-p 00105000 08:12 132057                     /lib/x86_64-linux-gnu/libm-2.19.so
7f5ab193c000-7f5ab25ea000 r-xp 00000000 08:12 1592655                    /usr/lib/jvm/java-8-oracle/jre/lib/amd64/server/libjvm.so
7f5ab25ea000-7f5ab27e9000 ---p 00cae000 08:12 1592655                    /usr/lib/jvm/java-8-oracle/jre/lib/amd64/server/libjvm.so
7f5ab27e9000-7f5ab28c0000 rw-p 00cad000 08:12 1592655                    /usr/lib/jvm/java-8-oracle/jre/lib/amd64/server/libjvm.so
7f5ab28c0000-7f5ab2904000 rw-p 00000000 00:00 0 
7f5ab2904000-7f5ab2abf000 r-xp 00000000 08:12 135384                     /lib/x86_64-linux-gnu/libc-2.19.so
7f5ab2abf000-7f5ab2cbe000 ---p 001bb000 08:12 135384                     /lib/x86_64-linux-gnu/libc-2.19.so
7f5ab2cbe000-7f5ab2cc2000 r--p 001ba000 08:12 135384                     /lib/x86_64-linux-gnu/libc-2.19.so
7f5ab2cc2000-7f5ab2cc4000 rw-p 001be000 08:12 135384                     /lib/x86_64-linux-gnu/libc-2.19.so
7f5ab2cc4000-7f5ab2cc9000 rw-p 00000000 00:00 0 
7f5ab2cc9000-7f5ab2ccc000 r-xp 00000000 08:12 135062                     /lib/x86_64-linux-gnu/libdl-2.19.so
7f5ab2ccc000-7f5ab2ecb000 ---p 00003000 08:12 135062                     /lib/x86_64-linux-gnu/libdl-2.19.so
7f5ab2ecb000-7f5ab2ecc000 r--p 00002000 08:12 135062                     /lib/x86_64-linux-gnu/libdl-2.19.so
7f5ab2ecc000-7f5ab2ecd000 rw-p 00003000 08:12 135062                     /lib/x86_64-linux-gnu/libdl-2.19.so
7f5ab2ecd000-7f5ab2ee2000 r-xp 00000000 08:12 2753041                    /usr/lib/jvm/java-8-oracle/lib/amd64/jli/libjli.so
7f5ab2ee2000-7f5ab30e2000 ---p 00015000 08:12 2753041                    /usr/lib/jvm/java-8-oracle/lib/amd64/jli/libjli.so
7f5ab30e2000-7f5ab30e3000 rw-p 00015000 08:12 2753041                    /usr/lib/jvm/java-8-oracle/lib/amd64/jli/libjli.so
7f5ab30e3000-7f5ab30fc000 r-xp 00000000 08:12 135385                     /lib/x86_64-linux-gnu/libpthread-2.19.so
7f5ab30fc000-7f5ab32fb000 ---p 00019000 08:12 135385                     /lib/x86_64-linux-gnu/libpthread-2.19.so
7f5ab32fb000-7f5ab32fc000 r--p 00018000 08:12 135385                     /lib/x86_64-linux-gnu/libpthread-2.19.so
7f5ab32fc000-7f5ab32fd000 rw-p 00019000 08:12 135385                     /lib/x86_64-linux-gnu/libpthread-2.19.so
7f5ab32fd000-7f5ab3301000 rw-p 00000000 00:00 0 
7f5ab3301000-7f5ab3324000 r-xp 00000000 08:12 135381                     /lib/x86_64-linux-gnu/ld-2.19.so
7f5ab3336000-7f5ab3401000 rw-p 00000000 00:00 0 
7f5ab3401000-7f5ab3404000 ---p 00000000 00:00 0 
7f5ab3404000-7f5ab3507000 rw-p 00000000 00:00 0                          [stack:6046]
7f5ab3507000-7f5ab350c000 r--s 00094000 08:12 1188779                    /usr/lib/jvm/java-8-oracle/jre/lib/jsse.jar
7f5ab350c000-7f5ab3517000 r--s 00116000 08:12 1859611                    /usr/lib/jvm/java-8-oracle/jre/lib/ext/localedata.jar
7f5ab3517000-7f5ab351f000 rw-s 00000000 08:12 1184632                    /tmp/hsperfdata_lucas/6040
7f5ab351f000-7f5ab3520000 rw-p 00000000 00:00 0 
7f5ab3520000-7f5ab3521000 ---p 00000000 00:00 0 
7f5ab3521000-7f5ab3523000 rw-p 00000000 00:00 0 
7f5ab3523000-7f5ab3524000 r--p 00022000 08:12 135381                     /lib/x86_64-linux-gnu/ld-2.19.so
7f5ab3524000-7f5ab3525000 rw-p 00023000 08:12 135381                     /lib/x86_64-linux-gnu/ld-2.19.so
7f5ab3525000-7f5ab3526000 rw-p 00000000 00:00 0 
7fff5c563000-7fff5c584000 rw-p 00000000 00:00 0                          [stack]
7fff5c5fe000-7fff5c600000 r-xp 00000000 00:00 0                          [vdso]
ffffffffff600000-ffffffffff601000 r-xp 00000000 00:00 0                  [vsyscall]

VM Arguments:
jvm_args: -Djava.security.policy=file:/home/lucas/workspace/SD/AmazingChatClient/security.policy -Djava.rmi.server.codebase=file:/home/lucas/workspace/SD/AmazingChatClient/bin -Dfile.encoding=UTF-8 
java_command: com.unioeste.sd.StartClient
java_class_path (initial): /home/lucas/workspace/SD/AmazingChatClient/bin
Launcher Type: SUN_STANDARD

Environment Variables:
JAVA_HOME=/usr/local/java/jdk1.7.0_67
JRE_HOME=/usr/local/java/jdk1.7.0_67/jre
PATH=/opt/idea-IC-139.1117.1/bin:/usr/local/sbin:/usr/local/bin:/usr/sbin:/usr/bin:/sbin:/bin:/usr/games:/usr/local/games:/home/lucas/bin:/usr/local/java/jdk1.7.0_67/bin:/home/lucas/bin:/usr/local/java/jdk1.7.0_67/jre/bin
SHELL=/bin/bash
DISPLAY=:0

Signal Handlers:
SIGSEGV: [libjvm.so+0xaad1e0], sa_mask[0]=11111111011111111101111111111110, sa_flags=SA_RESTART|SA_SIGINFO
SIGBUS: [libjvm.so+0xaad1e0], sa_mask[0]=11111111011111111101111111111110, sa_flags=SA_RESTART|SA_SIGINFO
SIGFPE: [libjvm.so+0x90b450], sa_mask[0]=11111111011111111101111111111110, sa_flags=SA_RESTART|SA_SIGINFO
SIGPIPE: [libjvm.so+0x90b450], sa_mask[0]=11111111011111111101111111111110, sa_flags=SA_RESTART|SA_SIGINFO
SIGXFSZ: [libjvm.so+0x90b450], sa_mask[0]=11111111011111111101111111111110, sa_flags=SA_RESTART|SA_SIGINFO
SIGILL: [libjvm.so+0x90b450], sa_mask[0]=11111111011111111101111111111110, sa_flags=SA_RESTART|SA_SIGINFO
SIGUSR1: SIG_DFL, sa_mask[0]=00000000000000000000000000000000, sa_flags=none
SIGUSR2: [libjvm.so+0x90ca90], sa_mask[0]=00100000000000000000000000000000, sa_flags=SA_RESTART|SA_SIGINFO
SIGHUP: [libjvm.so+0x90dde0], sa_mask[0]=11111111011111111101111111111110, sa_flags=SA_RESTART|SA_SIGINFO
SIGINT: [libjvm.so+0x90dde0], sa_mask[0]=11111111011111111101111111111110, sa_flags=SA_RESTART|SA_SIGINFO
SIGTERM: [libjvm.so+0x90dde0], sa_mask[0]=11111111011111111101111111111110, sa_flags=SA_RESTART|SA_SIGINFO
SIGQUIT: [libjvm.so+0x90dde0], sa_mask[0]=11111111011111111101111111111110, sa_flags=SA_RESTART|SA_SIGINFO


---------------  S Y S T E M  ---------------

OS:DISTRIB_ID=Ubuntu
DISTRIB_RELEASE=14.04
DISTRIB_CODENAME=trusty
DISTRIB_DESCRIPTION="Ubuntu 14.04.2 LTS"

uname:Linux 3.13.0-24-generic #47-Ubuntu SMP Fri May 2 23:30:00 UTC 2014 x86_64
libc:glibc 2.19 NPTL 2.19 
rlimit: STACK 8192k, CORE 0k, NPROC 62530, NOFILE 4096, AS infinity
load average:4.90 3.36 2.11

/proc/meminfo:
MemTotal:        8107060 kB
MemFree:          141712 kB
Buffers:            1272 kB
Cached:           378036 kB
SwapCached:            0 kB
Active:          7334944 kB
Inactive:         349660 kB
Active(anon):    7315908 kB
Inactive(anon):   322932 kB
Active(file):      19036 kB
Inactive(file):    26728 kB
Unevictable:         192 kB
Mlocked:             192 kB
SwapTotal:             0 kB
SwapFree:              0 kB
Dirty:               128 kB
Writeback:             0 kB
AnonPages:       7305904 kB
Mapped:           129080 kB
Shmem:            333264 kB
Slab:              91524 kB
SReclaimable:      37244 kB
SUnreclaim:        54280 kB
KernelStack:        7048 kB
PageTables:        76816 kB
NFS_Unstable:          0 kB
Bounce:                0 kB
WritebackTmp:          0 kB
CommitLimit:     4053528 kB
Committed_AS:   13620792 kB
VmallocTotal:   34359738367 kB
VmallocUsed:      603352 kB
VmallocChunk:   34359129900 kB
HardwareCorrupted:     0 kB
AnonHugePages:   3586048 kB
HugePages_Total:       0
HugePages_Free:        0
HugePages_Rsvd:        0
HugePages_Surp:        0
Hugepagesize:       2048 kB
DirectMap4k:      100864 kB
DirectMap2M:     1927168 kB
DirectMap1G:     6291456 kB


CPU:total 8 (4 cores per cpu, 2 threads per core) family 6 model 60 stepping 3, cmov, cx8, fxsr, mmx, sse, sse2, sse3, ssse3, sse4.1, sse4.2, popcnt, avx, avx2, aes, clmul, erms, lzcnt, ht, tsc, tscinvbit, bmi1, bmi2

/proc/cpuinfo:
processor	: 0
vendor_id	: GenuineIntel
cpu family	: 6
model		: 60
model name	: Intel(R) Core(TM) i7-4700MQ CPU @ 2.40GHz
stepping	: 3
microcode	: 0x17
cpu MHz		: 1000.000
cache size	: 6144 KB
physical id	: 0
siblings	: 8
core id		: 0
cpu cores	: 4
apicid		: 0
initial apicid	: 0
fpu		: yes
fpu_exception	: yes
cpuid level	: 13
wp		: yes
flags		: fpu vme de pse tsc msr pae mce cx8 apic sep mtrr pge mca cmov pat pse36 clflush dts acpi mmx fxsr sse sse2 ss ht tm pbe syscall nx pdpe1gb rdtscp lm constant_tsc arch_perfmon pebs bts rep_good nopl xtopology nonstop_tsc aperfmperf eagerfpu pni pclmulqdq dtes64 monitor ds_cpl vmx est tm2 ssse3 fma cx16 xtpr pdcm pcid sse4_1 sse4_2 movbe popcnt tsc_deadline_timer aes xsave avx f16c rdrand lahf_lm abm ida arat epb xsaveopt pln pts dtherm tpr_shadow vnmi flexpriority ept vpid fsgsbase tsc_adjust bmi1 avx2 smep bmi2 erms invpcid
bogomips	: 4788.87
clflush size	: 64
cache_alignment	: 64
address sizes	: 39 bits physical, 48 bits virtual
power management:

processor	: 1
vendor_id	: GenuineIntel
cpu family	: 6
model		: 60
model name	: Intel(R) Core(TM) i7-4700MQ CPU @ 2.40GHz
stepping	: 3
microcode	: 0x17
cpu MHz		: 2401.000
cache size	: 6144 KB
physical id	: 0
siblings	: 8
core id		: 0
cpu cores	: 4
apicid		: 1
initial apicid	: 1
fpu		: yes
fpu_exception	: yes
cpuid level	: 13
wp		: yes
flags		: fpu vme de pse tsc msr pae mce cx8 apic sep mtrr pge mca cmov pat pse36 clflush dts acpi mmx fxsr sse sse2 ss ht tm pbe syscall nx pdpe1gb rdtscp lm constant_tsc arch_perfmon pebs bts rep_good nopl xtopology nonstop_tsc aperfmperf eagerfpu pni pclmulqdq dtes64 monitor ds_cpl vmx est tm2 ssse3 fma cx16 xtpr pdcm pcid sse4_1 sse4_2 movbe popcnt tsc_deadline_timer aes xsave avx f16c rdrand lahf_lm abm ida arat epb xsaveopt pln pts dtherm tpr_shadow vnmi flexpriority ept vpid fsgsbase tsc_adjust bmi1 avx2 smep bmi2 erms invpcid
bogomips	: 4788.87
clflush size	: 64
cache_alignment	: 64
address sizes	: 39 bits physical, 48 bits virtual
power management:

processor	: 2
vendor_id	: GenuineIntel
cpu family	: 6
model		: 60
model name	: Intel(R) Core(TM) i7-4700MQ CPU @ 2.40GHz
stepping	: 3
microcode	: 0x17
cpu MHz		: 2401.000
cache size	: 6144 KB
physical id	: 0
siblings	: 8
core id		: 1
cpu cores	: 4
apicid		: 2
initial apicid	: 2
fpu		: yes
fpu_exception	: yes
cpuid level	: 13
wp		: yes
flags		: fpu vme de pse tsc msr pae mce cx8 apic sep mtrr pge mca cmov pat pse36 clflush dts acpi mmx fxsr sse sse2 ss ht tm pbe syscall nx pdpe1gb rdtscp lm constant_tsc arch_perfmon pebs bts rep_good nopl xtopology nonstop_tsc aperfmperf eagerfpu pni pclmulqdq dtes64 monitor ds_cpl vmx est tm2 ssse3 fma cx16 xtpr pdcm pcid sse4_1 sse4_2 movbe popcnt tsc_deadline_timer aes xsave avx f16c rdrand lahf_lm abm ida arat epb xsaveopt pln pts dtherm tpr_shadow vnmi flexpriority ept vpid fsgsbase tsc_adjust bmi1 avx2 smep bmi2 erms invpcid
bogomips	: 4788.87
clflush size	: 64
cache_alignment	: 64
address sizes	: 39 bits physical, 48 bits virtual
power management:

processor	: 3
vendor_id	: GenuineIntel
cpu family	: 6
model		: 60
model name	: Intel(R) Core(TM) i7-4700MQ CPU @ 2.40GHz
stepping	: 3
microcode	: 0x17
cpu MHz		: 800.000
cache size	: 6144 KB
physical id	: 0
siblings	: 8
core id		: 1
cpu cores	: 4
apicid		: 3
initial apicid	: 3
fpu		: yes
fpu_exception	: yes
cpuid level	: 13
wp		: yes
flags		: fpu vme de pse tsc msr pae mce cx8 apic sep mtrr pge mca cmov pat pse36 clflush dts acpi mmx fxsr sse sse2 ss ht tm pbe syscall nx pdpe1gb rdtscp lm constant_tsc arch_perfmon pebs bts rep_good nopl xtopology nonstop_tsc aperfmperf eagerfpu pni pclmulqdq dtes64 monitor ds_cpl vmx est tm2 ssse3 fma cx16 xtpr pdcm pcid sse4_1 sse4_2 movbe popcnt tsc_deadline_timer aes xsave avx f16c rdrand lahf_lm abm ida arat epb xsaveopt pln pts dtherm tpr_shadow vnmi flexpriority ept vpid fsgsbase tsc_adjust bmi1 avx2 smep bmi2 erms invpcid
bogomips	: 4788.87
clflush size	: 64
cache_alignment	: 64
address sizes	: 39 bits physical, 48 bits virtual
power management:

processor	: 4
vendor_id	: GenuineIntel
cpu family	: 6
model		: 60
model name	: Intel(R) Core(TM) i7-4700MQ CPU @ 2.40GHz
stepping	: 3
microcode	: 0x17
cpu MHz		: 1300.000
cache size	: 6144 KB
physical id	: 0
siblings	: 8
core id		: 2
cpu cores	: 4
apicid		: 4
initial apicid	: 4
fpu		: yes
fpu_exception	: yes
cpuid level	: 13
wp		: yes
flags		: fpu vme de pse tsc msr pae mce cx8 apic sep mtrr pge mca cmov pat pse36 clflush dts acpi mmx fxsr sse sse2 ss ht tm pbe syscall nx pdpe1gb rdtscp lm constant_tsc arch_perfmon pebs bts rep_good nopl xtopology nonstop_tsc aperfmperf eagerfpu pni pclmulqdq dtes64 monitor ds_cpl vmx est tm2 ssse3 fma cx16 xtpr pdcm pcid sse4_1 sse4_2 movbe popcnt tsc_deadline_timer aes xsave avx f16c rdrand lahf_lm abm ida arat epb xsaveopt pln pts dtherm tpr_shadow vnmi flexpriority ept vpid fsgsbase tsc_adjust bmi1 avx2 smep bmi2 erms invpcid
bogomips	: 4788.87
clflush size	: 64
cache_alignment	: 64
address sizes	: 39 bits physical, 48 bits virtual
power management:

processor	: 5
vendor_id	: GenuineIntel
cpu family	: 6
model		: 60
model name	: Intel(R) Core(TM) i7-4700MQ CPU @ 2.40GHz
stepping	: 3
microcode	: 0x17
cpu MHz		: 800.000
cache size	: 6144 KB
physical id	: 0
siblings	: 8
core id		: 2
cpu cores	: 4
apicid		: 5
initial apicid	: 5
fpu		: yes
fpu_exception	: yes
cpuid level	: 13
wp		: yes
flags		: fpu vme de pse tsc msr pae mce cx8 apic sep mtrr pge mca cmov pat pse36 clflush dts acpi mmx fxsr sse sse2 ss ht tm pbe syscall nx pdpe1gb rdtscp lm constant_tsc arch_perfmon pebs bts rep_good nopl xtopology nonstop_tsc aperfmperf eagerfpu pni pclmulqdq dtes64 monitor ds_cpl vmx est tm2 ssse3 fma cx16 xtpr pdcm pcid sse4_1 sse4_2 movbe popcnt tsc_deadline_timer aes xsave avx f16c rdrand lahf_lm abm ida arat epb xsaveopt pln pts dtherm tpr_shadow vnmi flexpriority ept vpid fsgsbase tsc_adjust bmi1 avx2 smep bmi2 erms invpcid
bogomips	: 4788.87
clflush size	: 64
cache_alignment	: 64
address sizes	: 39 bits physical, 48 bits virtual
power management:

processor	: 6
vendor_id	: GenuineIntel
cpu family	: 6
model		: 60
model name	: Intel(R) Core(TM) i7-4700MQ CPU @ 2.40GHz
stepping	: 3
microcode	: 0x17
cpu MHz		: 1300.000
cache size	: 6144 KB
physical id	: 0
siblings	: 8
core id		: 3
cpu cores	: 4
apicid		: 6
initial apicid	: 6
fpu		: yes
fpu_exception	: yes
cpuid level	: 13
wp		: yes
flags		: fpu vme de pse tsc msr pae mce cx8 apic sep mtrr pge mca cmov pat pse36 clflush dts acpi mmx fxsr sse sse2 ss ht tm pbe syscall nx pdpe1gb rdtscp lm constant_tsc arch_perfmon pebs bts rep_good nopl xtopology nonstop_tsc aperfmperf eagerfpu pni pclmulqdq dtes64 monitor ds_cpl vmx est tm2 ssse3 fma cx16 xtpr pdcm pcid sse4_1 sse4_2 movbe popcnt tsc_deadline_timer aes xsave avx f16c rdrand lahf_lm abm ida arat epb xsaveopt pln pts dtherm tpr_shadow vnmi flexpriority ept vpid fsgsbase tsc_adjust bmi1 avx2 smep bmi2 erms invpcid
bogomips	: 4788.87
clflush size	: 64
cache_alignment	: 64
address sizes	: 39 bits physical, 48 bits virtual
power management:

processor	: 7
vendor_id	: GenuineIntel
cpu family	: 6
model		: 60
model name	: Intel(R) Core(TM) i7-4700MQ CPU @ 2.40GHz
stepping	: 3
microcode	: 0x17
cpu MHz		: 1300.000
cache size	: 6144 KB
physical id	: 0
siblings	: 8
core id		: 3
cpu cores	: 4
apicid		: 7
initial apicid	: 7
fpu		: yes
fpu_exception	: yes
cpuid level	: 13
wp		: yes
flags		: fpu vme de pse tsc msr pae mce cx8 apic sep mtrr pge mca cmov pat pse36 clflush dts acpi mmx fxsr sse sse2 ss ht tm pbe syscall nx pdpe1gb rdtscp lm constant_tsc arch_perfmon pebs bts rep_good nopl xtopology nonstop_tsc aperfmperf eagerfpu pni pclmulqdq dtes64 monitor ds_cpl vmx est tm2 ssse3 fma cx16 xtpr pdcm pcid sse4_1 sse4_2 movbe popcnt tsc_deadline_timer aes xsave avx f16c rdrand lahf_lm abm ida arat epb xsaveopt pln pts dtherm tpr_shadow vnmi flexpriority ept vpid fsgsbase tsc_adjust bmi1 avx2 smep bmi2 erms invpcid
bogomips	: 4788.87
clflush size	: 64
cache_alignment	: 64
address sizes	: 39 bits physical, 48 bits virtual
power management:



Memory: 4k page, physical 8107060k(142700k free), swap 0k(0k free)

vm_info: Java HotSpot(TM) 64-Bit Server VM (25.45-b02) for linux-amd64 JRE (1.8.0_45-b14), built on Apr 10 2015 10:07:45 by "java_re" with gcc 4.3.0 20080428 (Red Hat 4.3.0-8)

time: Wed Aug 12 08:55:49 2015
elapsed time: 236 seconds (0d 0h 3m 56s)

